<?xml version="1.0" encoding="UTF-8"?>
<coverage generated="1492762703343" clover="3.2.0">
  <project timestamp="1492762703343" name="All files">
    <metrics statements="15" coveredstatements="9" conditionals="0" coveredconditionals="0" methods="8" coveredmethods="5" elements="23" coveredelements="14" complexity="0" loc="15" ncloc="15" packages="1" files="5" classes="5">
      <file name="App.js" path="C:\Users\k.dzhambazov\Desktop\complete-intro-to-react\src\App.js">
        <metrics statements="0" coveredstatements="0" conditionals="0" coveredconditionals="0" methods="0" coveredmethods="0"/>
      </file>
      <file name="Landing.js" path="C:\Users\k.dzhambazov\Desktop\complete-intro-to-react\src\Landing.js">
        <metrics statements="2" coveredstatements="0" conditionals="0" coveredconditionals="0" methods="1" coveredmethods="0"/>
        <line num="1" count="0" type="stmt"/>
        <line num="6" count="0" type="stmt"/>
      </file>
      <file name="Search.js" path="C:\Users\k.dzhambazov\Desktop\complete-intro-to-react\src\Search.js">
        <metrics statements="7" coveredstatements="7" conditionals="0" coveredconditionals="0" methods="5" coveredmethods="5"/>
        <line num="7" count="3" type="stmt"/>
        <line num="8" count="3" type="stmt"/>
        <line num="9" count="3" type="stmt"/>
        <line num="13" count="1" type="stmt"/>
        <line num="17" count="4" type="stmt"/>
        <line num="26" count="84" type="stmt"/>
        <line num="28" count="65" type="stmt"/>
      </file>
      <file name="ShowCard.js" path="C:\Users\k.dzhambazov\Desktop\complete-intro-to-react\src\ShowCard.js">
        <metrics statements="4" coveredstatements="2" conditionals="0" coveredconditionals="0" methods="1" coveredmethods="0"/>
        <line num="3" count="1" type="stmt"/>
        <line num="7" count="0" type="stmt"/>
        <line num="8" count="0" type="stmt"/>
        <line num="21" count="1" type="stmt"/>
      </file>
      <file name="index.js" path="C:\Users\k.dzhambazov\Desktop\complete-intro-to-react\src\index.js">
        <metrics statements="2" coveredstatements="0" conditionals="0" coveredconditionals="0" methods="1" coveredmethods="0"/>
        <line num="1" count="0" type="stmt"/>
        <line num="11" count="0" type="stmt"/>
      </file>
    </metrics>
  </project>
</coverage>
