{"C:\\Users\\k.dzhambazov\\Desktop\\complete-intro-to-react\\src\\App.js": {"path":"C:\\Users\\k.dzhambazov\\Desktop\\complete-intro-to-react\\src\\App.js","statementMap":{},"fnMap":{},"branchMap":{},"s":{},"f":{},"b":{}}
,"C:\\Users\\k.dzhambazov\\Desktop\\complete-intro-to-react\\src\\Landing.js": {"path":"C:\\Users\\k.dzhambazov\\Desktop\\complete-intro-to-react\\src\\Landing.js","statementMap":{"0":{"start":{"line":1,"column":39},"end":{"line":1,"column":101}},"1":{"start":{"line":1,"column":120},"end":{"line":1,"column":196}},"2":{"start":{"line":6,"column":2},"end":{"line":10,"column":264}}},"fnMap":{"0":{"name":"(anonymous_0)","decl":{"start":{"line":5,"column":1},"end":{"line":5,"column":2}},"loc":{"start":{"line":5,"column":10},"end":{"line":13,"column":2}},"line":5}},"branchMap":{},"s":{"0":0,"1":0,"2":0},"f":{"0":0},"b":{}}
,"C:\\Users\\k.dzhambazov\\Desktop\\complete-intro-to-react\\src\\Search.js": {"path":"C:\\Users\\k.dzhambazov\\Desktop\\complete-intro-to-react\\src\\Search.js","statementMap":{"0":{"start":{"line":7,"column":2},"end":{"line":7,"column":15}},"1":{"start":{"line":8,"column":2},"end":{"line":8,"column":34}},"2":{"start":{"line":9,"column":2},"end":{"line":9,"column":71}},"3":{"start":{"line":13,"column":2},"end":{"line":13,"column":50}},"4":{"start":{"line":17,"column":2},"end":{"line":32,"column":4}},"5":{"start":{"line":26,"column":23},"end":{"line":27,"column":59}},"6":{"start":{"line":28,"column":19},"end":{"line":28,"column":59}}},"fnMap":{"0":{"name":"(anonymous_0)","decl":{"start":{"line":6,"column":1},"end":{"line":6,"column":2}},"loc":{"start":{"line":6,"column":19},"end":{"line":10,"column":2}},"line":6},"1":{"name":"(anonymous_1)","decl":{"start":{"line":12,"column":1},"end":{"line":12,"column":2}},"loc":{"start":{"line":12,"column":30},"end":{"line":14,"column":2}},"line":12},"2":{"name":"(anonymous_2)","decl":{"start":{"line":16,"column":1},"end":{"line":16,"column":2}},"loc":{"start":{"line":16,"column":10},"end":{"line":33,"column":2}},"line":16},"3":{"name":"(anonymous_3)","decl":{"start":{"line":26,"column":15},"end":{"line":26,"column":16}},"loc":{"start":{"line":26,"column":23},"end":{"line":27,"column":59}},"line":26},"4":{"name":"(anonymous_4)","decl":{"start":{"line":28,"column":11},"end":{"line":28,"column":12}},"loc":{"start":{"line":28,"column":19},"end":{"line":28,"column":59}},"line":28}},"branchMap":{},"s":{"0":3,"1":3,"2":3,"3":1,"4":4,"5":84,"6":65},"f":{"0":3,"1":1,"2":4,"3":84,"4":65},"b":{},"_coverageSchema":"332fd63041d2c1bcb487cc26dd0d5f7d97098a6c","hash":"438c6cc9f7cc81b00dc1f4308fc9f2cdcecbeb91"}
,"C:\\Users\\k.dzhambazov\\Desktop\\complete-intro-to-react\\src\\ShowCard.js": {"path":"C:\\Users\\k.dzhambazov\\Desktop\\complete-intro-to-react\\src\\ShowCard.js","statementMap":{"0":{"start":{"line":3,"column":19},"end":{"line":3,"column":28}},"1":{"start":{"line":7,"column":47},"end":{"line":7,"column":57}},"2":{"start":{"line":8,"column":2},"end":{"line":17,"column":4}},"3":{"start":{"line":21,"column":0},"end":{"line":26,"column":1}}},"fnMap":{"0":{"name":"(anonymous_0)","decl":{"start":{"line":6,"column":1},"end":{"line":6,"column":2}},"loc":{"start":{"line":6,"column":10},"end":{"line":18,"column":2}},"line":6}},"branchMap":{},"s":{"0":1,"1":0,"2":0,"3":1},"f":{"0":0},"b":{},"_coverageSchema":"332fd63041d2c1bcb487cc26dd0d5f7d97098a6c","hash":"53db9b848e968cb0d367f1379f3cec08bc6b6936"}
,"C:\\Users\\k.dzhambazov\\Desktop\\complete-intro-to-react\\src\\index.js": {"path":"C:\\Users\\k.dzhambazov\\Desktop\\complete-intro-to-react\\src\\index.js","statementMap":{"0":{"start":{"line":1,"column":58},"end":{"line":1,"column":132}},"1":{"start":{"line":11,"column":2},"end":{"line":15,"column":284}}},"fnMap":{"0":{"name":"(anonymous_0)","decl":{"start":{"line":10,"column":1},"end":{"line":10,"column":2}},"loc":{"start":{"line":10,"column":10},"end":{"line":19,"column":2}},"line":10}},"branchMap":{},"s":{"0":0,"1":0},"f":{"0":0},"b":{}}
}
