TN:
SF:C:\Users\k.dzhambazov\Desktop\complete-intro-to-react\src\App.js
FNF:0
FNH:0
LF:0
LH:0
BRF:0
BRH:0
end_of_record
TN:
SF:C:\Users\k.dzhambazov\Desktop\complete-intro-to-react\src\Landing.js
FN:5,(anonymous_0)
FNF:1
FNH:0
FNDA:0,(anonymous_0)
DA:1,0
DA:6,0
LF:2
LH:0
BRF:0
BRH:0
end_of_record
TN:
SF:C:\Users\k.dzhambazov\Desktop\complete-intro-to-react\src\Search.js
FN:6,(anonymous_0)
FN:12,(anonymous_1)
FN:16,(anonymous_2)
FN:26,(anonymous_3)
FN:28,(anonymous_4)
FNF:5
FNH:5
FNDA:3,(anonymous_0)
FNDA:1,(anonymous_1)
FNDA:4,(anonymous_2)
FNDA:84,(anonymous_3)
FNDA:65,(anonymous_4)
DA:7,3
DA:8,3
DA:9,3
DA:13,1
DA:17,4
DA:26,84
DA:28,65
LF:7
LH:7
BRF:0
BRH:0
end_of_record
TN:
SF:C:\Users\k.dzhambazov\Desktop\complete-intro-to-react\src\ShowCard.js
FN:6,(anonymous_0)
FNF:1
FNH:0
FNDA:0,(anonymous_0)
DA:3,1
DA:7,0
DA:8,0
DA:21,1
LF:4
LH:2
BRF:0
BRH:0
end_of_record
TN:
SF:C:\Users\k.dzhambazov\Desktop\complete-intro-to-react\src\index.js
FN:10,(anonymous_0)
FNF:1
FNH:0
FNDA:0,(anonymous_0)
DA:1,0
DA:11,0
LF:2
LH:0
BRF:0
BRH:0
end_of_record
